{"D:\\VSCODE_Projects\\TypeScript_Data_Structures\\src\\Deque.ts": {"path":"D:\\VSCODE_Projects\\TypeScript_Data_Structures\\src\\Deque.ts","statementMap":{"0":{"start":{"line":2,"column":9},"end":{"line":2,"column":25}},"1":{"start":{"line":5,"column":2},"end":{"line":5,"column":25}},"2":{"start":{"line":9,"column":2},"end":{"line":11,"column":3}},"3":{"start":{"line":10,"column":3},"end":{"line":10,"column":37}},"4":{"start":{"line":12,"column":2},"end":{"line":12,"column":27}},"5":{"start":{"line":16,"column":2},"end":{"line":18,"column":3}},"6":{"start":{"line":17,"column":3},"end":{"line":17,"column":37}},"7":{"start":{"line":19,"column":2},"end":{"line":19,"column":44}},"8":{"start":{"line":23,"column":2},"end":{"line":23,"column":28}},"9":{"start":{"line":27,"column":2},"end":{"line":29,"column":3}},"10":{"start":{"line":28,"column":3},"end":{"line":28,"column":37}},"11":{"start":{"line":30,"column":2},"end":{"line":30,"column":29}},"12":{"start":{"line":34,"column":2},"end":{"line":36,"column":3}},"13":{"start":{"line":35,"column":3},"end":{"line":35,"column":37}},"14":{"start":{"line":37,"column":2},"end":{"line":37,"column":24}},"15":{"start":{"line":41,"column":2},"end":{"line":41,"column":33}},"16":{"start":{"line":45,"column":2},"end":{"line":45,"column":27}},"17":{"start":{"line":49,"column":2},"end":{"line":49,"column":18}},"18":{"start":{"line":1,"column":0},"end":{"line":1,"column":13}},"19":{"start":{"line":52,"column":8},"end":{"line":57,"column":3}},"20":{"start":{"line":54,"column":3},"end":{"line":54,"column":27}},"21":{"start":{"line":55,"column":3},"end":{"line":55,"column":33}}},"fnMap":{"0":{"name":"(anonymous_0)","decl":{"start":{"line":1,"column":0},"end":{"line":1,"column":13}},"loc":{"start":{"line":1,"column":0},"end":{"line":58,"column":1}}},"1":{"name":"(anonymous_1)","decl":{"start":{"line":4,"column":1},"end":{"line":4,"column":9}},"loc":{"start":{"line":4,"column":18},"end":{"line":6,"column":2}}},"2":{"name":"(anonymous_2)","decl":{"start":{"line":8,"column":1},"end":{"line":8,"column":8}},"loc":{"start":{"line":8,"column":8},"end":{"line":13,"column":2}}},"3":{"name":"(anonymous_3)","decl":{"start":{"line":15,"column":1},"end":{"line":15,"column":9}},"loc":{"start":{"line":15,"column":9},"end":{"line":20,"column":2}}},"4":{"name":"(anonymous_4)","decl":{"start":{"line":22,"column":1},"end":{"line":22,"column":10}},"loc":{"start":{"line":22,"column":19},"end":{"line":24,"column":2}}},"5":{"name":"(anonymous_5)","decl":{"start":{"line":26,"column":1},"end":{"line":26,"column":9}},"loc":{"start":{"line":26,"column":9},"end":{"line":31,"column":2}}},"6":{"name":"(anonymous_6)","decl":{"start":{"line":33,"column":1},"end":{"line":33,"column":10}},"loc":{"start":{"line":33,"column":10},"end":{"line":38,"column":2}}},"7":{"name":"(anonymous_7)","decl":{"start":{"line":40,"column":1},"end":{"line":40,"column":8}},"loc":{"start":{"line":40,"column":8},"end":{"line":42,"column":2}}},"8":{"name":"(anonymous_8)","decl":{"start":{"line":44,"column":1},"end":{"line":44,"column":5}},"loc":{"start":{"line":44,"column":5},"end":{"line":46,"column":2}}},"9":{"name":"(anonymous_9)","decl":{"start":{"line":48,"column":1},"end":{"line":48,"column":6}},"loc":{"start":{"line":48,"column":6},"end":{"line":50,"column":2}}},"10":{"name":"(anonymous_10)","decl":{"start":{"line":53,"column":2},"end":{"line":53,"column":null}},"loc":{"start":{"line":53,"column":2},"end":{"line":56,"column":3}}}},"branchMap":{"0":{"loc":{"start":{"line":9,"column":2},"end":{"line":11,"column":3}},"type":"if","locations":[{"start":{"line":9,"column":2},"end":{"line":11,"column":3}},{"start":{},"end":{}}]},"1":{"loc":{"start":{"line":16,"column":2},"end":{"line":18,"column":3}},"type":"if","locations":[{"start":{"line":16,"column":2},"end":{"line":18,"column":3}},{"start":{},"end":{}}]},"2":{"loc":{"start":{"line":27,"column":2},"end":{"line":29,"column":3}},"type":"if","locations":[{"start":{"line":27,"column":2},"end":{"line":29,"column":3}},{"start":{},"end":{}}]},"3":{"loc":{"start":{"line":34,"column":2},"end":{"line":36,"column":3}},"type":"if","locations":[{"start":{"line":34,"column":2},"end":{"line":36,"column":3}},{"start":{},"end":{}}]}},"s":{"0":22,"1":19,"2":7,"3":1,"4":6,"5":3,"6":1,"7":2,"8":6,"9":5,"10":1,"11":4,"12":2,"13":1,"14":1,"15":20,"16":6,"17":2,"18":1,"19":1,"20":4,"21":4},"f":{"0":22,"1":19,"2":7,"3":3,"4":6,"5":5,"6":2,"7":20,"8":6,"9":2,"10":4},"b":{"0":[1,6],"1":[1,2],"2":[1,4],"3":[1,1]}}
,"D:\\VSCODE_Projects\\TypeScript_Data_Structures\\src\\Queue.ts": {"path":"D:\\VSCODE_Projects\\TypeScript_Data_Structures\\src\\Queue.ts","statementMap":{"0":{"start":{"line":9,"column":9},"end":{"line":9,"column":25}},"1":{"start":{"line":10,"column":9},"end":{"line":10,"column":26}},"2":{"start":{"line":16,"column":2},"end":{"line":16,"column":39}},"3":{"start":{"line":23,"column":2},"end":{"line":23,"column":27}},"4":{"start":{"line":32,"column":2},"end":{"line":32,"column":25}},"5":{"start":{"line":41,"column":2},"end":{"line":43,"column":3}},"6":{"start":{"line":42,"column":3},"end":{"line":42,"column":37}},"7":{"start":{"line":45,"column":16},"end":{"line":45,"column":37}},"8":{"start":{"line":46,"column":2},"end":{"line":46,"column":14}},"9":{"start":{"line":49,"column":2},"end":{"line":52,"column":3}},"10":{"start":{"line":50,"column":3},"end":{"line":50,"column":44}},"11":{"start":{"line":51,"column":3},"end":{"line":51,"column":17}},"12":{"start":{"line":54,"column":2},"end":{"line":54,"column":16}},"13":{"start":{"line":63,"column":2},"end":{"line":65,"column":3}},"14":{"start":{"line":64,"column":3},"end":{"line":64,"column":37}},"15":{"start":{"line":67,"column":2},"end":{"line":67,"column":32}},"16":{"start":{"line":8,"column":0},"end":{"line":8,"column":13}},"17":{"start":{"line":74,"column":8},"end":{"line":79,"column":3}},"18":{"start":{"line":76,"column":3},"end":{"line":76,"column":27}},"19":{"start":{"line":77,"column":3},"end":{"line":77,"column":33}}},"fnMap":{"0":{"name":"(anonymous_0)","decl":{"start":{"line":8,"column":0},"end":{"line":8,"column":13}},"loc":{"start":{"line":8,"column":0},"end":{"line":80,"column":1}}},"1":{"name":"(anonymous_1)","decl":{"start":{"line":15,"column":1},"end":{"line":15,"column":5}},"loc":{"start":{"line":15,"column":5},"end":{"line":17,"column":2}}},"2":{"name":"(anonymous_2)","decl":{"start":{"line":22,"column":1},"end":{"line":22,"column":8}},"loc":{"start":{"line":22,"column":8},"end":{"line":24,"column":2}}},"3":{"name":"(anonymous_3)","decl":{"start":{"line":31,"column":1},"end":{"line":31,"column":5}},"loc":{"start":{"line":31,"column":14},"end":{"line":33,"column":2}}},"4":{"name":"(anonymous_4)","decl":{"start":{"line":40,"column":1},"end":{"line":40,"column":4}},"loc":{"start":{"line":40,"column":4},"end":{"line":55,"column":2}}},"5":{"name":"(anonymous_5)","decl":{"start":{"line":62,"column":1},"end":{"line":62,"column":5}},"loc":{"start":{"line":62,"column":5},"end":{"line":68,"column":2}}},"6":{"name":"(anonymous_6)","decl":{"start":{"line":75,"column":2},"end":{"line":75,"column":null}},"loc":{"start":{"line":75,"column":2},"end":{"line":78,"column":3}}}},"branchMap":{"0":{"loc":{"start":{"line":41,"column":2},"end":{"line":43,"column":3}},"type":"if","locations":[{"start":{"line":41,"column":2},"end":{"line":43,"column":3}},{"start":{},"end":{}}]},"1":{"loc":{"start":{"line":49,"column":2},"end":{"line":52,"column":3}},"type":"if","locations":[{"start":{"line":49,"column":2},"end":{"line":52,"column":3}},{"start":{},"end":{}}]},"2":{"loc":{"start":{"line":49,"column":6},"end":{"line":49,"column":60}},"type":"binary-expr","locations":[{"start":{"line":49,"column":6},"end":{"line":49,"column":22}},{"start":{"line":49,"column":26},"end":{"line":49,"column":60}}]},"3":{"loc":{"start":{"line":63,"column":2},"end":{"line":65,"column":3}},"type":"if","locations":[{"start":{"line":63,"column":2},"end":{"line":65,"column":3}},{"start":{},"end":{}}]}},"s":{"0":16,"1":16,"2":22,"3":18,"4":18,"5":10,"6":1,"7":9,"8":9,"9":9,"10":0,"11":0,"12":9,"13":4,"14":1,"15":3,"16":1,"17":1,"18":2,"19":2},"f":{"0":16,"1":22,"2":18,"3":18,"4":10,"5":4,"6":2},"b":{"0":[1,9],"1":[0,9],"2":[9,0],"3":[1,3]}}
,"D:\\VSCODE_Projects\\TypeScript_Data_Structures\\src\\Stack.ts": {"path":"D:\\VSCODE_Projects\\TypeScript_Data_Structures\\src\\Stack.ts","statementMap":{"0":{"start":{"line":9,"column":9},"end":{"line":9,"column":25}},"1":{"start":{"line":15,"column":2},"end":{"line":15,"column":27}},"2":{"start":{"line":22,"column":2},"end":{"line":22,"column":27}},"3":{"start":{"line":31,"column":2},"end":{"line":31,"column":25}},"4":{"start":{"line":40,"column":2},"end":{"line":42,"column":3}},"5":{"start":{"line":41,"column":3},"end":{"line":41,"column":37}},"6":{"start":{"line":44,"column":2},"end":{"line":44,"column":27}},"7":{"start":{"line":53,"column":2},"end":{"line":55,"column":3}},"8":{"start":{"line":54,"column":3},"end":{"line":54,"column":37}},"9":{"start":{"line":57,"column":2},"end":{"line":57,"column":44}},"10":{"start":{"line":8,"column":0},"end":{"line":8,"column":13}},"11":{"start":{"line":64,"column":8},"end":{"line":69,"column":3}},"12":{"start":{"line":66,"column":3},"end":{"line":66,"column":27}},"13":{"start":{"line":67,"column":3},"end":{"line":67,"column":33}}},"fnMap":{"0":{"name":"(anonymous_0)","decl":{"start":{"line":8,"column":0},"end":{"line":8,"column":13}},"loc":{"start":{"line":8,"column":0},"end":{"line":70,"column":1}}},"1":{"name":"(anonymous_1)","decl":{"start":{"line":14,"column":1},"end":{"line":14,"column":5}},"loc":{"start":{"line":14,"column":5},"end":{"line":16,"column":2}}},"2":{"name":"(anonymous_2)","decl":{"start":{"line":21,"column":1},"end":{"line":21,"column":8}},"loc":{"start":{"line":21,"column":8},"end":{"line":23,"column":2}}},"3":{"name":"(anonymous_3)","decl":{"start":{"line":30,"column":1},"end":{"line":30,"column":5}},"loc":{"start":{"line":30,"column":14},"end":{"line":32,"column":2}}},"4":{"name":"(anonymous_4)","decl":{"start":{"line":39,"column":1},"end":{"line":39,"column":4}},"loc":{"start":{"line":39,"column":4},"end":{"line":45,"column":2}}},"5":{"name":"(anonymous_5)","decl":{"start":{"line":52,"column":1},"end":{"line":52,"column":5}},"loc":{"start":{"line":52,"column":5},"end":{"line":58,"column":2}}},"6":{"name":"(anonymous_6)","decl":{"start":{"line":65,"column":2},"end":{"line":65,"column":null}},"loc":{"start":{"line":65,"column":2},"end":{"line":68,"column":3}}}},"branchMap":{"0":{"loc":{"start":{"line":40,"column":2},"end":{"line":42,"column":3}},"type":"if","locations":[{"start":{"line":40,"column":2},"end":{"line":42,"column":3}},{"start":{},"end":{}}]},"1":{"loc":{"start":{"line":53,"column":2},"end":{"line":55,"column":3}},"type":"if","locations":[{"start":{"line":53,"column":2},"end":{"line":55,"column":3}},{"start":{},"end":{}}]}},"s":{"0":16,"1":23,"2":18,"3":17,"4":10,"5":1,"6":9,"7":4,"8":1,"9":3,"10":1,"11":1,"12":2,"13":2},"f":{"0":16,"1":23,"2":18,"3":17,"4":10,"5":4,"6":2},"b":{"0":[1,9],"1":[1,3]}}
}
