TN:
SF:src\Deque.ts
FN:1,(anonymous_0)
FN:4,(anonymous_1)
FN:8,(anonymous_2)
FN:15,(anonymous_3)
FN:22,(anonymous_4)
FN:26,(anonymous_5)
FN:33,(anonymous_6)
FN:40,(anonymous_7)
FN:44,(anonymous_8)
FN:48,(anonymous_9)
FN:53,(anonymous_10)
FNF:11
FNH:11
FNDA:22,(anonymous_0)
FNDA:19,(anonymous_1)
FNDA:7,(anonymous_2)
FNDA:3,(anonymous_3)
FNDA:6,(anonymous_4)
FNDA:5,(anonymous_5)
FNDA:2,(anonymous_6)
FNDA:20,(anonymous_7)
FNDA:6,(anonymous_8)
FNDA:2,(anonymous_9)
FNDA:4,(anonymous_10)
DA:1,1
DA:2,22
DA:5,19
DA:9,7
DA:10,1
DA:12,6
DA:16,3
DA:17,1
DA:19,2
DA:23,6
DA:27,5
DA:28,1
DA:30,4
DA:34,2
DA:35,1
DA:37,1
DA:41,20
DA:45,6
DA:49,2
DA:52,1
DA:54,4
DA:55,4
LF:22
LH:22
BRDA:9,0,0,1
BRDA:9,0,1,6
BRDA:16,1,0,1
BRDA:16,1,1,2
BRDA:27,2,0,1
BRDA:27,2,1,4
BRDA:34,3,0,1
BRDA:34,3,1,1
BRF:8
BRH:8
end_of_record
TN:
SF:src\Queue.ts
FN:8,(anonymous_0)
FN:15,(anonymous_1)
FN:22,(anonymous_2)
FN:31,(anonymous_3)
FN:40,(anonymous_4)
FN:62,(anonymous_5)
FN:75,(anonymous_6)
FNF:7
FNH:7
FNDA:16,(anonymous_0)
FNDA:22,(anonymous_1)
FNDA:18,(anonymous_2)
FNDA:18,(anonymous_3)
FNDA:10,(anonymous_4)
FNDA:4,(anonymous_5)
FNDA:2,(anonymous_6)
DA:8,1
DA:9,16
DA:10,16
DA:16,22
DA:23,18
DA:32,18
DA:41,10
DA:42,1
DA:45,9
DA:46,9
DA:49,9
DA:50,0
DA:51,0
DA:54,9
DA:63,4
DA:64,1
DA:67,3
DA:74,1
DA:76,2
DA:77,2
LF:20
LH:18
BRDA:41,0,0,1
BRDA:41,0,1,9
BRDA:49,1,0,0
BRDA:49,1,1,9
BRDA:49,2,0,9
BRDA:49,2,1,0
BRDA:63,3,0,1
BRDA:63,3,1,3
BRF:8
BRH:6
end_of_record
TN:
SF:src\Stack.ts
FN:8,(anonymous_0)
FN:14,(anonymous_1)
FN:21,(anonymous_2)
FN:30,(anonymous_3)
FN:39,(anonymous_4)
FN:52,(anonymous_5)
FN:65,(anonymous_6)
FNF:7
FNH:7
FNDA:16,(anonymous_0)
FNDA:23,(anonymous_1)
FNDA:18,(anonymous_2)
FNDA:17,(anonymous_3)
FNDA:10,(anonymous_4)
FNDA:4,(anonymous_5)
FNDA:2,(anonymous_6)
DA:8,1
DA:9,16
DA:15,23
DA:22,18
DA:31,17
DA:40,10
DA:41,1
DA:44,9
DA:53,4
DA:54,1
DA:57,3
DA:64,1
DA:66,2
DA:67,2
LF:14
LH:14
BRDA:40,0,0,1
BRDA:40,0,1,9
BRDA:53,1,0,1
BRDA:53,1,1,3
BRF:4
BRH:4
end_of_record
